[13:16:55] [main/INFO] [GradleStart]: No arguments specified, assuming client.
[13:16:55] [main/INFO] [GradleStart]: Extra: []
[13:16:55] [main/INFO] [GradleStart]: Running with arguments: [--userProperties, {}, --username, ForgeDevName, --tweakClass, cpw.mods.fml.common.launcher.FMLTweaker, --accessToken, {REDACTED}, --assetIndex, 1.7.10, --assetsDir, /Users/theyes/.gradle/caches/minecraft/assets, --version, 1.7.10]
[13:16:55] [main/INFO] [LaunchWrapper]: Loading tweak class name cpw.mods.fml.common.launcher.FMLTweaker
[13:16:55] [main/INFO] [LaunchWrapper]: Using primary tweak class name cpw.mods.fml.common.launcher.FMLTweaker
[13:16:55] [main/INFO] [LaunchWrapper]: Calling tweak class cpw.mods.fml.common.launcher.FMLTweaker
[13:20:26] [main/INFO] [GradleStart]: No arguments specified, assuming client.
[13:20:26] [main/INFO] [GradleStart]: Extra: []
[13:20:26] [main/INFO] [GradleStart]: Running with arguments: [--userProperties, {}, --username, ForgeDevName, --tweakClass, cpw.mods.fml.common.launcher.FMLTweaker, --accessToken, {REDACTED}, --assetIndex, 1.7.10, --assetsDir, /Users/theyes/.gradle/caches/minecraft/assets, --version, 1.7.10]
[13:20:26] [main/INFO] [LaunchWrapper]: Loading tweak class name cpw.mods.fml.common.launcher.FMLTweaker
[13:20:26] [main/INFO] [LaunchWrapper]: Using primary tweak class name cpw.mods.fml.common.launcher.FMLTweaker
[13:20:26] [main/INFO] [LaunchWrapper]: Calling tweak class cpw.mods.fml.common.launcher.FMLTweaker
[13:33:42] [main/INFO] [GradleStart]: No arguments specified, assuming client.
[13:33:42] [main/INFO] [GradleStart]: Extra: []
[13:33:42] [main/INFO] [GradleStart]: Running with arguments: [--userProperties, {}, --username, ForgeDevName, --tweakClass, cpw.mods.fml.common.launcher.FMLTweaker, --accessToken, {REDACTED}, --assetIndex, 1.7.10, --assetsDir, /Users/theyes/.gradle/caches/minecraft/assets, --version, 1.7.10]
[13:33:42] [main/INFO] [LaunchWrapper]: Loading tweak class name cpw.mods.fml.common.launcher.FMLTweaker
[13:33:42] [main/INFO] [LaunchWrapper]: Using primary tweak class name cpw.mods.fml.common.launcher.FMLTweaker
[13:33:42] [main/INFO] [LaunchWrapper]: Calling tweak class cpw.mods.fml.common.launcher.FMLTweaker
[13:35:38] [main/INFO] [GradleStart]: No arguments specified, assuming client.
[13:35:38] [main/INFO] [GradleStart]: Extra: []
[13:35:38] [main/INFO] [GradleStart]: Running with arguments: [--userProperties, {}, --username, ForgeDevName, --tweakClass, cpw.mods.fml.common.launcher.FMLTweaker, --accessToken, {REDACTED}, --assetIndex, 1.7.10, --assetsDir, /Users/theyes/.gradle/caches/minecraft/assets, --version, 1.7.10]
[13:35:38] [main/INFO] [LaunchWrapper]: Loading tweak class name cpw.mods.fml.common.launcher.FMLTweaker
[13:35:38] [main/INFO] [LaunchWrapper]: Using primary tweak class name cpw.mods.fml.common.launcher.FMLTweaker
[13:35:38] [main/INFO] [LaunchWrapper]: Calling tweak class cpw.mods.fml.common.launcher.FMLTweaker
