[13:35:41] [main/INFO]: Setting user: ForgeDevName
[13:35:42] [Client thread/INFO]: LWJGL Version: 2.9.1
[13:35:49] [Client thread/INFO]: Reloading ResourceManager: Default, FMLFileResourcePack:Forge Mod Loader, FMLFileResourcePack:Minecraft Forge, FMLFileResourcePack:Maple Trees
[13:35:50] [Sound Library Loader/INFO]: Sound engine started
[13:35:50] [Client thread/INFO]: Created: 512x256 textures/blocks-atlas
[13:35:50] [Client thread/INFO]: Created: 256x256 textures/items-atlas
[13:35:50] [Client thread/INFO]: Reloading ResourceManager: Default, FMLFileResourcePack:Forge Mod Loader, FMLFileResourcePack:Minecraft Forge, FMLFileResourcePack:Maple Trees
[13:35:51] [Client thread/INFO]: Created: 256x256 textures/items-atlas
[13:35:51] [Client thread/INFO]: Created: 512x256 textures/blocks-atlas
[13:35:52] [Sound Library Loader/INFO]: Sound engine started
[13:36:08] [Server thread/INFO]: Starting integrated minecraft server version 1.7.10
[13:36:08] [Server thread/INFO]: Generating keypair
[13:36:08] [Server thread/INFO]: Converting map!
[13:36:08] [Server thread/INFO]: Scanning folders...
[13:36:08] [Server thread/INFO]: Total conversion count is 0
[13:36:08] [Server thread/INFO]: Preparing start region for level 0
[13:36:09] [Server thread/INFO]: Preparing spawn area: 6%
[13:36:11] [Server thread/INFO]: Preparing spawn area: 20%
[13:36:12] [Server thread/INFO]: Preparing spawn area: 35%
[13:36:13] [Server thread/INFO]: Preparing spawn area: 51%
[13:36:14] [Server thread/INFO]: Preparing spawn area: 66%
[13:36:15] [Server thread/INFO]: Preparing spawn area: 83%
[13:36:16] [Server thread/INFO]: Preparing spawn area: 98%
[13:36:16] [Server thread/INFO]: Changing view distance to 12, from 10
[13:36:16] [Server thread/INFO]: ForgeDevName[local:E:38362a18] logged in with entity id 142 at (235.5, 87.0, 264.5)
[13:36:16] [Server thread/INFO]: ForgeDevName joined the game
[13:36:22] [Client thread/INFO]: Warning: Clientside chunk ticking took 218 ms
[13:36:32] [Client thread/INFO]: Warning: Clientside chunk ticking took 105 ms
[13:36:34] [Client thread/INFO]: Warning: Clientside chunk ticking took 192 ms
[13:36:35] [Client thread/INFO]: Warning: Clientside chunk ticking took 157 ms
[13:36:35] [Client thread/INFO]: Warning: Clientside chunk ticking took 136 ms
[13:36:39] [Client thread/INFO]: Warning: Clientside chunk ticking took 141 ms
[13:36:39] [Client thread/INFO]: Warning: Clientside chunk ticking took 143 ms
[13:36:39] [Client thread/INFO]: Warning: Clientside chunk ticking took 143 ms
[13:36:40] [Client thread/INFO]: Warning: Clientside chunk ticking took 107 ms
[13:36:40] [Client thread/INFO]: Warning: Clientside chunk ticking took 148 ms
[13:36:43] [Server thread/INFO]: Saving and pausing game...
[13:36:43] [Server thread/INFO]: Saving chunks for level 'New World'/Overworld
[13:36:43] [Server thread/INFO]: Saving chunks for level 'New World'/Nether
[13:36:43] [Server thread/INFO]: Saving chunks for level 'New World'/The End
[13:37:04] [Client thread/INFO]: [CHAT] Unknown command. Try /help for a list of commands
[13:37:07] [Server thread/INFO]: [ForgeDevName: Changing to rainy weather]
[13:37:07] [Client thread/INFO]: [CHAT] Changing to rainy weather
[13:37:09] [Server thread/INFO]: Saving and pausing game...
[13:37:09] [Server thread/INFO]: Saving chunks for level 'New World'/Overworld
[13:37:09] [Server thread/INFO]: Saving chunks for level 'New World'/Nether
[13:37:09] [Server thread/INFO]: Saving chunks for level 'New World'/The End
[13:38:19] [Server thread/INFO]: ForgeDevName has just earned the achievement [Taking Inventory]
[13:38:19] [Client thread/INFO]: [CHAT] ForgeDevName has just earned the achievement [Taking Inventory]
[13:38:54] [Client thread/INFO]: Warning: Clientside chunk ticking took 102 ms
[13:38:54] [Client thread/INFO]: Warning: Clientside chunk ticking took 115 ms
[13:38:54] [Client thread/INFO]: Warning: Clientside chunk ticking took 117 ms
[13:38:55] [Client thread/INFO]: Warning: Clientside chunk ticking took 147 ms
[13:38:55] [Client thread/INFO]: Warning: Clientside chunk ticking took 152 ms
[13:38:55] [Client thread/INFO]: Warning: Clientside chunk ticking took 128 ms
[13:39:06] [Client thread/INFO]: Warning: Clientside chunk ticking took 150 ms
[13:39:07] [Client thread/INFO]: Warning: Clientside chunk ticking took 131 ms
[13:39:40] [Client thread/INFO]: Warning: Clientside chunk ticking took 1330 ms
[13:39:41] [Client thread/INFO]: Warning: Clientside chunk ticking took 494 ms
[13:39:42] [Client thread/INFO]: Warning: Clientside chunk ticking took 726 ms
[13:39:42] [Client thread/INFO]: Warning: Clientside chunk ticking took 275 ms
[13:39:43] [Client thread/INFO]: Warning: Clientside chunk ticking took 126 ms
[13:39:43] [Client thread/INFO]: Warning: Clientside chunk ticking took 131 ms
[13:39:43] [Client thread/INFO]: Warning: Clientside chunk ticking took 109 ms
[13:41:20] [Server thread/INFO]: Saving and pausing game...
[13:41:20] [Server thread/INFO]: Saving chunks for level 'New World'/Overworld
[13:41:20] [Server thread/INFO]: Saving chunks for level 'New World'/Nether
[13:41:20] [Server thread/INFO]: Saving chunks for level 'New World'/The End
[13:43:50] [Client thread/INFO]: [CHAT] /gamemode, /gamerule
[13:43:52] [Server thread/INFO]: [ForgeDevName: Set own game mode to Survival Mode]
[13:43:52] [Client thread/INFO]: [CHAT] Your game mode has been updated
[13:44:19] [Client thread/INFO]: Warning: Clientside chunk ticking took 104 ms
[13:44:34] [Server thread/INFO]: [ForgeDevName: Set own game mode to Creative Mode]
[13:44:34] [Client thread/INFO]: [CHAT] Your game mode has been updated
[13:44:52] [Client thread/INFO]: Warning: Clientside chunk ticking took 116 ms
[13:46:21] [Client thread/INFO]: Warning: Clientside chunk ticking took 115 ms
[13:46:44] [Server thread/INFO]: Saving and pausing game...
[13:46:44] [Server thread/INFO]: Saving chunks for level 'New World'/Overworld
[13:46:44] [Server thread/INFO]: Saving chunks for level 'New World'/Nether
[13:46:44] [Server thread/INFO]: Saving chunks for level 'New World'/The End
[13:46:45] [Server thread/INFO]: Stopping server
[13:46:45] [Server thread/INFO]: Saving players
[13:46:45] [Server thread/INFO]: Saving worlds
[13:46:45] [Server thread/INFO]: Saving chunks for level 'New World'/Overworld
[13:46:45] [Server thread/INFO]: Saving chunks for level 'New World'/Nether
[13:46:45] [Server thread/INFO]: Saving chunks for level 'New World'/The End
[13:46:47] [Client thread/INFO]: Stopping!
