#
# A fatal error has been detected by the Java Runtime Environment:
#
#  SIGSEGV (0xb) at pc=0x000000010f8fbf9d, pid=2685, tid=6403
#
# JRE version: Java(TM) SE Runtime Environment (7.0_45-b18) (build 1.7.0_45-b18)
# Java VM: Java HotSpot(TM) 64-Bit Server VM (24.45-b08 mixed mode bsd-amd64 compressed oops)
# Problematic frame:
# V  [libjvm.dylib+0x2fbf9d]  jni_IsInstanceOf+0x71
#
# Failed to write core dump. Core dumps have been disabled. To enable core dumping, try "ulimit -c unlimited" before starting Java again
#
# If you would like to submit a bug report, please visit:
#   http://bugreport.sun.com/bugreport/crash.jsp
#

---------------  T H R E A D  ---------------

Current thread (0x00007fe985001000):  JavaThread "Client thread" [_thread_in_vm, id=6403, stack(0x000000010e4c5000,0x000000010e5c5000)]

siginfo:si_signo=SIGSEGV: si_errno=0, si_code=1 (SEGV_MAPERR), si_addr=0x0000000000000009

Registers:
RAX=0x00000007fb03aa60, RBX=0x00007fe983f28528, RCX=0x000000010fe02c03, RDX=0x0000000000000001
RSP=0x000000010e5c2a80, RBP=0x000000010e5c2aa0, RSI=0x000000010fd705c0, RDI=0x00000007d039a958
R8 =0x0000000000000356, R9 =0x00000000000001e0, R10=0x00007fe983d86270, R11=0x00007fff7517ddb8
R12=0x00007fe9850011e8, R13=0x000000010e5c2ba8, R14=0x00000007d03796f8, R15=0x00007fe9850011e8
RIP=0x000000010f8fbf9d, EFLAGS=0x0000000000010202, ERR=0x0000000000000004
  TRAPNO=0x000000000000000e

Top of Stack: (sp=0x000000010e5c2a80)
0x000000010e5c2a80:   00007fe985001000 00000007d03796f8
0x000000010e5c2a90:   00007fe9850011e8 00007fe985001000
0x000000010e5c2aa0:   000000010e5c2ad0 000000010f909288
0x000000010e5c2ab0:   000000010e5c2ad0 0000000000000000
0x000000010e5c2ac0:   0000000000000000 0000000000000000
0x000000010e5c2ad0:   000000010e5c2b60 0000000119fff22b
0x000000010e5c2ae0:   000000010e5c2b38 000100300e5c2c30
0x000000010e5c2af0:   00000356000001e0 00000125000000d2
0x000000010e5c2b00:   000000010e5c2c78 00007fe985001000
0x000000010e5c2b10:   000000010e5c2b50 000000010f8d0fe7
0x000000010e5c2b20:   00007fe985001000 000000010e5c2ba0
0x000000010e5c2b30:   00007fe985001000 00000007fc057068
0x000000010e5c2b40:   0000000000000000 00000007fc057060
0x000000010e5c2b50:   000000010e5c2c78 00007fe985001000
0x000000010e5c2b60:   000000010e5c2c08 0000000110095698
0x000000010e5c2b70:   0000000000000000 0000000100000000
0x000000010e5c2b80:   0000000100000001 0000000100000000
0x000000010e5c2b90:   000000010e5c2c30 0000000000000000
0x000000010e5c2ba0:   00000007d03796f8 000000010e5c2ba8
0x000000010e5c2bb0:   00000007fc045d3e 000000010e5c2bf8
0x000000010e5c2bc0:   00000007fc053450 000000010e5c2bc8
0x000000010e5c2bd0:   00000007fc057060 000000010e5c2c78
0x000000010e5c2be0:   00000007fc080420 0000000000000000
0x000000010e5c2bf0:   00000007fc057068 0000000000000000
0x000000010e5c2c00:   000000010e5c2c28 000000010e5c2cc8
0x000000010e5c2c10:   0000000110089233 0000000000000000
0x000000010e5c2c20:   0000000110091cdb 0000000000000000
0x000000010e5c2c30:   00000007ca45c7e0 0000000000000000
0x000000010e5c2c40:   0000000000000001 0000000000000000
0x000000010e5c2c50:   0000000000000000 00000000000001e0
0x000000010e5c2c60:   0000000000000356 00000000000000d2
0x000000010e5c2c70:   0000000000000125 00000007c9f6bab0 

Instructions: (pc=0x000000010f8fbf9d)
0x000000010f8fbf7d:   c0 75 04 30 c0 eb 39 48 8d 0d 05 6d 50 00 80 39
0x000000010f8fbf8d:   00 49 8b 16 74 15 48 8d 35 26 46 47 00 8a 4e 08
0x000000010f8fbf9d:   8b 7a 08 48 d3 e7 48 03 3e eb 04 48 8b 7a 08 48
0x000000010f8fbfad:   83 c7 10 48 89 c6 e8 20 be f3 ff 84 c0 0f 95 c0 

Register to memory mapping:

RAX=0x00000007fb03aa60 is an oop
{instance class} 
 - klass: {other class}
RBX=0x00007fe983f28528 is a global jni handle
RCX=0x000000010fe02c03: G1LogLevel+0x3 in /Library/Java/JavaVirtualMachines/jdk1.7.0_45.jdk/Contents/Home/jre/lib/server/libjvm.dylib at 0x000000010f600000
RDX=0x0000000000000001 is an unknown value
RSP=0x000000010e5c2a80 is pointing into the stack for thread: 0x00007fe985001000
RBP=0x000000010e5c2aa0 is pointing into the stack for thread: 0x00007fe985001000
RSI=0x000000010fd705c0: _ZN8Universe11_narrow_oopE+0 in /Library/Java/JavaVirtualMachines/jdk1.7.0_45.jdk/Contents/Home/jre/lib/server/libjvm.dylib at 0x000000010f600000
RDI=0x00000007d039a958 is an oop
java.lang.Class 
 - klass: 'java/lang/Class'
R8 =0x0000000000000356 is an unknown value
R9 =0x00000000000001e0 is an unknown value
R10=0x00007fe983d86270 is an unknown value
R11=0x00007fff7517ddb8: OBJC_CLASS_$_NSAutoreleasePool+0 in /System/Library/Frameworks/Foundation.framework/Versions/C/Foundation at 0x00007fff8abad000
R12=0x00007fe9850011e8 is an unknown value
R13=0x000000010e5c2ba8 is pointing into the stack for thread: 0x00007fe985001000
R14=0x00000007d03796f8 is an oop
java.lang.Boolean 
 - klass: 'java/lang/Boolean'
R15=0x00007fe9850011e8 is an unknown value


Stack: [0x000000010e4c5000,0x000000010e5c5000],  sp=0x000000010e5c2a80,  free space=1014k
Native frames: (J=compiled Java code, j=interpreted, Vv=VM code, C=native code)
V  [libjvm.dylib+0x2fbf9d]  jni_IsInstanceOf+0x71
V  [libjvm.dylib+0x309288]  jni_GetDirectBufferAddress+0x60
C  [liblwjgl.jnilib+0xc22b]  Java_org_lwjgl_opengl_MacOSXDisplay_nCreateWindow+0x9b
j  org.lwjgl.opengl.MacOSXDisplay.nCreateWindow(IIIIZZZZLjava/nio/ByteBuffer;Ljava/nio/ByteBuffer;)Ljava/nio/ByteBuffer;+0
j  org.lwjgl.opengl.MacOSXDisplay.createWindow(Lorg/lwjgl/opengl/DrawableLWJGL;Lorg/lwjgl/opengl/DisplayMode;Ljava/awt/Canvas;II)V+120
j  org.lwjgl.opengl.Display.createWindow()V+71
j  org.lwjgl.opengl.Display.create(Lorg/lwjgl/opengl/PixelFormat;Lorg/lwjgl/opengl/Drawable;Lorg/lwjgl/opengl/ContextAttribs;)V+72
j  org.lwjgl.opengl.Display.create(Lorg/lwjgl/opengl/PixelFormat;)V+12
j  net.minecraftforge.client.ForgeHooksClient.createDisplay()V+23
j  net.minecraft.client.Minecraft.startGame()V+264
j  net.minecraft.client.Minecraft.run()V+6
j  net.minecraft.client.main.Main.main([Ljava/lang/String;)V+819
v  ~StubRoutines::call_stub
V  [libjvm.dylib+0x2d6d90]  JavaCalls::call_helper(JavaValue*, methodHandle*, JavaCallArguments*, Thread*)+0x22a
V  [libjvm.dylib+0x2d6b60]  JavaCalls::call(JavaValue*, methodHandle, JavaCallArguments*, Thread*)+0x28
V  [libjvm.dylib+0x460580]  Reflection::invoke(instanceKlassHandle, methodHandle, Handle, bool, objArrayHandle, BasicType, objArrayHandle, bool, Thread*)+0x9fc
V  [libjvm.dylib+0x4609e6]  Reflection::invoke_method(oopDesc*, Handle, objArrayHandle, Thread*)+0x16e
V  [libjvm.dylib+0x3236d7]  JVM_InvokeMethod+0x166
j  sun.reflect.NativeMethodAccessorImpl.invoke0(Ljava/lang/reflect/Method;Ljava/lang/Object;[Ljava/lang/Object;)Ljava/lang/Object;+0
j  sun.reflect.NativeMethodAccessorImpl.invoke(Ljava/lang/Object;[Ljava/lang/Object;)Ljava/lang/Object;+87
j  sun.reflect.DelegatingMethodAccessorImpl.invoke(Ljava/lang/Object;[Ljava/lang/Object;)Ljava/lang/Object;+6
j  java.lang.reflect.Method.invoke(Ljava/lang/Object;[Ljava/lang/Object;)Ljava/lang/Object;+57
j  net.minecraft.launchwrapper.Launch.launch([Ljava/lang/String;)V+664
j  net.minecraft.launchwrapper.Launch.main([Ljava/lang/String;)V+8
v  ~StubRoutines::call_stub
V  [libjvm.dylib+0x2d6d90]  JavaCalls::call_helper(JavaValue*, methodHandle*, JavaCallArguments*, Thread*)+0x22a
V  [libjvm.dylib+0x2d6b60]  JavaCalls::call(JavaValue*, methodHandle, JavaCallArguments*, Thread*)+0x28
V  [libjvm.dylib+0x460580]  Reflection::invoke(instanceKlassHandle, methodHandle, Handle, bool, objArrayHandle, BasicType, objArrayHandle, bool, Thread*)+0x9fc
V  [libjvm.dylib+0x4609e6]  Reflection::invoke_method(oopDesc*, Handle, objArrayHandle, Thread*)+0x16e
V  [libjvm.dylib+0x3236d7]  JVM_InvokeMethod+0x166
j  sun.reflect.NativeMethodAccessorImpl.invoke0(Ljava/lang/reflect/Method;Ljava/lang/Object;[Ljava/lang/Object;)Ljava/lang/Object;+0
j  sun.reflect.NativeMethodAccessorImpl.invoke(Ljava/lang/Object;[Ljava/lang/Object;)Ljava/lang/Object;+87
j  sun.reflect.DelegatingMethodAccessorImpl.invoke(Ljava/lang/Object;[Ljava/lang/Object;)Ljava/lang/Object;+6
j  java.lang.reflect.Method.invoke(Ljava/lang/Object;[Ljava/lang/Object;)Ljava/lang/Object;+57
j  GradleStart.bounce(Ljava/lang/String;[Ljava/lang/String;)V+31
j  GradleStart.startClient([Ljava/lang/String;)V+196
j  GradleStart.main([Ljava/lang/String;)V+24
v  ~StubRoutines::call_stub
V  [libjvm.dylib+0x2d6d90]  JavaCalls::call_helper(JavaValue*, methodHandle*, JavaCallArguments*, Thread*)+0x22a
V  [libjvm.dylib+0x2d6b60]  JavaCalls::call(JavaValue*, methodHandle, JavaCallArguments*, Thread*)+0x28
V  [libjvm.dylib+0x460580]  Reflection::invoke(instanceKlassHandle, methodHandle, Handle, bool, objArrayHandle, BasicType, objArrayHandle, bool, Thread*)+0x9fc
V  [libjvm.dylib+0x4609e6]  Reflection::invoke_method(oopDesc*, Handle, objArrayHandle, Thread*)+0x16e
V  [libjvm.dylib+0x3236d7]  JVM_InvokeMethod+0x166
j  sun.reflect.NativeMethodAccessorImpl.invoke0(Ljava/lang/reflect/Method;Ljava/lang/Object;[Ljava/lang/Object;)Ljava/lang/Object;+0
j  sun.reflect.NativeMethodAccessorImpl.invoke(Ljava/lang/Object;[Ljava/lang/Object;)Ljava/lang/Object;+87
j  sun.reflect.DelegatingMethodAccessorImpl.invoke(Ljava/lang/Object;[Ljava/lang/Object;)Ljava/lang/Object;+6
j  java.lang.reflect.Method.invoke(Ljava/lang/Object;[Ljava/lang/Object;)Ljava/lang/Object;+57
j  com.intellij.rt.execution.application.AppMain.main([Ljava/lang/String;)V+163
v  ~StubRoutines::call_stub
V  [libjvm.dylib+0x2d6d90]  JavaCalls::call_helper(JavaValue*, methodHandle*, JavaCallArguments*, Thread*)+0x22a
V  [libjvm.dylib+0x2d6b60]  JavaCalls::call(JavaValue*, methodHandle, JavaCallArguments*, Thread*)+0x28
V  [libjvm.dylib+0x30a304]  jni_invoke_static(JNIEnv_*, JavaValue*, _jobject*, JNICallType, _jmethodID*, JNI_ArgumentPusher*, Thread*)+0xe6
V  [libjvm.dylib+0x30349f]  jni_CallStaticVoidMethod+0x10b
C  [java+0x30fe]  JavaMain+0x91d
C  [libsystem_pthread.dylib+0x1899]  _pthread_body+0x8a
C  [libsystem_pthread.dylib+0x172a]  _pthread_struct_init+0x0
C  [libsystem_pthread.dylib+0x5fc9]  thread_start+0xd

Java frames: (J=compiled Java code, j=interpreted, Vv=VM code)
j  org.lwjgl.opengl.MacOSXDisplay.nCreateWindow(IIIIZZZZLjava/nio/ByteBuffer;Ljava/nio/ByteBuffer;)Ljava/nio/ByteBuffer;+0
j  org.lwjgl.opengl.MacOSXDisplay.createWindow(Lorg/lwjgl/opengl/DrawableLWJGL;Lorg/lwjgl/opengl/DisplayMode;Ljava/awt/Canvas;II)V+120
j  org.lwjgl.opengl.Display.createWindow()V+71
j  org.lwjgl.opengl.Display.create(Lorg/lwjgl/opengl/PixelFormat;Lorg/lwjgl/opengl/Drawable;Lorg/lwjgl/opengl/ContextAttribs;)V+72
j  org.lwjgl.opengl.Display.create(Lorg/lwjgl/opengl/PixelFormat;)V+12
j  net.minecraftforge.client.ForgeHooksClient.createDisplay()V+23
j  net.minecraft.client.Minecraft.startGame()V+264
j  net.minecraft.client.Minecraft.run()V+6
j  net.minecraft.client.main.Main.main([Ljava/lang/String;)V+819
v  ~StubRoutines::call_stub
j  sun.reflect.NativeMethodAccessorImpl.invoke0(Ljava/lang/reflect/Method;Ljava/lang/Object;[Ljava/lang/Object;)Ljava/lang/Object;+0
j  sun.reflect.NativeMethodAccessorImpl.invoke(Ljava/lang/Object;[Ljava/lang/Object;)Ljava/lang/Object;+87
j  sun.reflect.DelegatingMethodAccessorImpl.invoke(Ljava/lang/Object;[Ljava/lang/Object;)Ljava/lang/Object;+6
j  java.lang.reflect.Method.invoke(Ljava/lang/Object;[Ljava/lang/Object;)Ljava/lang/Object;+57
j  net.minecraft.launchwrapper.Launch.launch([Ljava/lang/String;)V+664
j  net.minecraft.launchwrapper.Launch.main([Ljava/lang/String;)V+8
v  ~StubRoutines::call_stub
j  sun.reflect.NativeMethodAccessorImpl.invoke0(Ljava/lang/reflect/Method;Ljava/lang/Object;[Ljava/lang/Object;)Ljava/lang/Object;+0
j  sun.reflect.NativeMethodAccessorImpl.invoke(Ljava/lang/Object;[Ljava/lang/Object;)Ljava/lang/Object;+87
j  sun.reflect.DelegatingMethodAccessorImpl.invoke(Ljava/lang/Object;[Ljava/lang/Object;)Ljava/lang/Object;+6
j  java.lang.reflect.Method.invoke(Ljava/lang/Object;[Ljava/lang/Object;)Ljava/lang/Object;+57
j  GradleStart.bounce(Ljava/lang/String;[Ljava/lang/String;)V+31
j  GradleStart.startClient([Ljava/lang/String;)V+196
j  GradleStart.main([Ljava/lang/String;)V+24
v  ~StubRoutines::call_stub
j  sun.reflect.NativeMethodAccessorImpl.invoke0(Ljava/lang/reflect/Method;Ljava/lang/Object;[Ljava/lang/Object;)Ljava/lang/Object;+0
j  sun.reflect.NativeMethodAccessorImpl.invoke(Ljava/lang/Object;[Ljava/lang/Object;)Ljava/lang/Object;+87
j  sun.reflect.DelegatingMethodAccessorImpl.invoke(Ljava/lang/Object;[Ljava/lang/Object;)Ljava/lang/Object;+6
j  java.lang.reflect.Method.invoke(Ljava/lang/Object;[Ljava/lang/Object;)Ljava/lang/Object;+57
j  com.intellij.rt.execution.application.AppMain.main([Ljava/lang/String;)V+163
v  ~StubRoutines::call_stub

---------------  P R O C E S S  ---------------

Java Threads: ( => current thread )
  0x00007fe986249800 JavaThread "Timer hack thread" daemon [_thread_blocked, id=51719, stack(0x000000011ed18000,0x000000011ee18000)]
  0x00007fe985786800 JavaThread "Snooper Timer" daemon [_thread_blocked, id=51463, stack(0x000000011a6a9000,0x000000011a7a9000)]
  0x00007fe985265000 JavaThread "AWT-Shutdown" [_thread_blocked, id=33803, stack(0x000000011c19b000,0x000000011c29b000)]
  0x00007fe9848f0800 JavaThread "AppKit Thread" daemon [_thread_in_native, id=1287, stack(0x00007fff517d0000,0x00007fff51850000)]
  0x00007fe984868000 JavaThread "Monitor Ctrl-Break" daemon [_thread_in_native, id=24323, stack(0x0000000119812000,0x0000000119912000)]
  0x00007fe986800000 JavaThread "Service Thread" daemon [_thread_blocked, id=23299, stack(0x0000000119116000,0x0000000119216000)]
  0x00007fe986004000 JavaThread "C2 CompilerThread1" daemon [_thread_blocked, id=22787, stack(0x0000000119013000,0x0000000119113000)]
  0x00007fe986003800 JavaThread "C2 CompilerThread0" daemon [_thread_blocked, id=22275, stack(0x0000000118f10000,0x0000000119010000)]
  0x00007fe986001000 JavaThread "Signal Dispatcher" daemon [_thread_blocked, id=21763, stack(0x0000000118e0d000,0x0000000118f0d000)]
  0x00007fe9850ea000 JavaThread "Surrogate Locker Thread (Concurrent GC)" daemon [_thread_blocked, id=21027, stack(0x0000000118d0a000,0x0000000118e0a000)]
  0x00007fe9850d7000 JavaThread "Finalizer" daemon [_thread_blocked, id=16131, stack(0x0000000118ad1000,0x0000000118bd1000)]
  0x00007fe984851800 JavaThread "Reference Handler" daemon [_thread_blocked, id=15619, stack(0x00000001189ce000,0x0000000118ace000)]
=>0x00007fe985001000 JavaThread "Client thread" [_thread_in_vm, id=6403, stack(0x000000010e4c5000,0x000000010e5c5000)]

Other Threads:
  0x00007fe984850800 VMThread [stack: 0x00000001188cb000,0x00000001189cb000] [id=15107]
  0x00007fe986812000 WatcherThread [stack: 0x0000000119219000,0x0000000119319000] [id=23811]

VM state:synchronizing (normal execution)

VM Mutex/Monitor currently owned by a thread:  ([mutex/lock_event])
[0x00007fe983d109d0] Threads_lock - owner thread: 0x00007fe984850800

Heap
 par new generation   total 314560K, used 253477K [0x00000007bae00000, 0x00000007d0350000, 0x00000007d0350000)
  eden space 279616K,  90% used [0x00000007bae00000, 0x00000007ca589448, 0x00000007cbf10000)
  from space 34944K,   0% used [0x00000007cbf10000, 0x00000007cbf10000, 0x00000007ce130000)
  to   space 34944K,   0% used [0x00000007ce130000, 0x00000007ce130000, 0x00000007d0350000)
 concurrent mark-sweep generation total 699072K, used 4596K [0x00000007d0350000, 0x00000007fae00000, 0x00000007fae00000)
 concurrent-mark-sweep perm gen total 21248K, used 19369K [0x00000007fae00000, 0x00000007fc2c0000, 0x0000000800000000)

Card table byte_map: [0x000000011395b000,0x0000000113b85000] byte_map_base: 0x000000010fb84000

Polling page: 0x000000010e5d4000

Code Cache  [0x0000000110083000, 0x00000001102f3000, 0x0000000113083000)
 total_blobs=794 nmethods=405 adapters=343 free_code_cache=46998Kb largest_free_block=48033344

Compilation events (10 events):
Event: 5.508 Thread 0x00007fe986004000 nmethod 405 0x000000011027ded0 code [0x000000011027e040, 0x000000011027e3c8]
Event: 5.527 Thread 0x00007fe986004000  406             java.util.HashMap$HashIterator::<init> (63 bytes)
Event: 5.528 Thread 0x00007fe986004000 nmethod 406 0x000000011027db90 code [0x000000011027dce0, 0x000000011027ddf8]
Event: 5.556 Thread 0x00007fe986004000  407             org.objectweb.asm.tree.MethodNode::visitLdcInsn (16 bytes)
Event: 5.558 Thread 0x00007fe986004000 nmethod 407 0x000000011027d7d0 code [0x000000011027d920, 0x000000011027da98]
Event: 5.558 Thread 0x00007fe986004000  408             org.objectweb.asm.tree.LdcInsnNode::<init> (12 bytes)
Event: 5.558 Thread 0x00007fe986004000 nmethod 408 0x00000001102729d0 code [0x0000000110272b00, 0x0000000110272b98]
Event: 5.558 Thread 0x00007fe986004000  409             org.objectweb.asm.MethodWriter::put (1330 bytes)
Event: 5.706 Thread 0x00007fe986004000 nmethod 409 0x0000000110288490 code [0x0000000110288a80, 0x000000011028d348]
Event: 5.728 Thread 0x00007fe986003800 nmethod 381 0x000000011029b6d0 code [0x000000011029c560, 0x00000001102a62c8]

GC Heap History (2 events):
Event: 2.956 GC heap before
{Heap before GC invocations=0 (full 0):
 par new generation   total 314560K, used 123806K [0x00000007bae00000, 0x00000007d0350000, 0x00000007d0350000)
  eden space 279616K,  44% used [0x00000007bae00000, 0x00000007c26e7be0, 0x00000007cbf10000)
  from space 34944K,   0% used [0x00000007cbf10000, 0x00000007cbf10000, 0x00000007ce130000)
  to   space 34944K,   0% used [0x00000007ce130000, 0x00000007ce130000, 0x00000007d0350000)
 concurrent mark-sweep generation total 699072K, used 0K [0x00000007d0350000, 0x00000007fae00000, 0x00000007fae00000)
 concurrent-mark-sweep perm gen total 21248K, used 10209K [0x00000007fae00000, 0x00000007fc2c0000, 0x0000000800000000)
Event: 2.991 GC heap after
Heap after GC invocations=1 (full 1):
 par new generation   total 314560K, used 0K [0x00000007bae00000, 0x00000007d0350000, 0x00000007d0350000)
  eden space 279616K,   0% used [0x00000007bae00000, 0x00000007bae00000, 0x00000007cbf10000)
  from space 34944K,   0% used [0x00000007cbf10000, 0x00000007cbf10000, 0x00000007ce130000)
  to   space 34944K,   0% used [0x00000007ce130000, 0x00000007ce130000, 0x00000007d0350000)
 concurrent mark-sweep generation total 699072K, used 4596K [0x00000007d0350000, 0x00000007fae00000, 0x00000007fae00000)
 concurrent-mark-sweep perm gen total 21248K, used 10206K [0x00000007fae00000, 0x00000007fc2c0000, 0x0000000800000000)
}

Deoptimization events (10 events):
Event: 5.337 Thread 0x00007fe985001000 Uncommon trap: reason=bimorphic action=maybe_recompile pc=0x00000001102678a8 method=java.util.regex.Pattern$Curly.match0(Ljava/util/regex/Matcher;IILjava/lang/CharSequence;)Z @ 77
Event: 5.337 Thread 0x00007fe985001000 Uncommon trap: reason=bimorphic action=maybe_recompile pc=0x0000000110224f9c method=java.util.regex.Pattern$Branch.match(Ljava/util/regex/Matcher;ILjava/lang/CharSequence;)Z @ 32
Event: 5.337 Thread 0x00007fe985001000 Uncommon trap: reason=bimorphic action=maybe_recompile pc=0x0000000110224f9c method=java.util.regex.Pattern$Branch.match(Ljava/util/regex/Matcher;ILjava/lang/CharSequence;)Z @ 32
Event: 5.337 Thread 0x00007fe985001000 Uncommon trap: reason=bimorphic action=maybe_recompile pc=0x00000001102678a8 method=java.util.regex.Pattern$Curly.match0(Ljava/util/regex/Matcher;IILjava/lang/CharSequence;)Z @ 77
Event: 5.337 Thread 0x00007fe985001000 Uncommon trap: reason=bimorphic action=maybe_recompile pc=0x00000001102678a8 method=java.util.regex.Pattern$Curly.match0(Ljava/util/regex/Matcher;IILjava/lang/CharSequence;)Z @ 77
Event: 5.337 Thread 0x00007fe985001000 Uncommon trap: reason=bimorphic action=maybe_recompile pc=0x000000011012d45c method=java.util.regex.Pattern$BmpCharProperty.match(Ljava/util/regex/Matcher;ILjava/lang/CharSequence;)Z @ 31
Event: 5.337 Thread 0x00007fe985001000 Uncommon trap: reason=bimorphic action=maybe_recompile pc=0x000000011012d45c method=java.util.regex.Pattern$BmpCharProperty.match(Ljava/util/regex/Matcher;ILjava/lang/CharSequence;)Z @ 31
Event: 5.337 Thread 0x00007fe985001000 Uncommon trap: reason=bimorphic action=maybe_recompile pc=0x000000011012d45c method=java.util.regex.Pattern$BmpCharProperty.match(Ljava/util/regex/Matcher;ILjava/lang/CharSequence;)Z @ 31
Event: 5.338 Thread 0x00007fe985001000 Uncommon trap: reason=bimorphic action=maybe_recompile pc=0x00000001102678a8 method=java.util.regex.Pattern$Curly.match0(Ljava/util/regex/Matcher;IILjava/lang/CharSequence;)Z @ 77
Event: 5.343 Thread 0x00007fe985001000 Uncommon trap: reason=bimorphic action=maybe_recompile pc=0x000000011012d45c method=java.util.regex.Pattern$BmpCharProperty.match(Ljava/util/regex/Matcher;ILjava/lang/CharSequence;)Z @ 31

Internal exceptions (10 events):
Event: 5.580 Thread 0x00007fe985001000 Threw 0x00000007c9f4ae98 at /HUDSON/workspace/7u-2-build-macosx-x86_64/jdk7u45/229/hotspot/src/share/vm/prims/jvm.cpp:1244
Event: 5.580 Thread 0x00007fe985001000 Threw 0x00000007c9f52e58 at /HUDSON/workspace/7u-2-build-macosx-x86_64/jdk7u45/229/hotspot/src/share/vm/prims/jvm.cpp:1244
Event: 5.581 Thread 0x00007fe985001000 Threw 0x00000007c9f5acb0 at /HUDSON/workspace/7u-2-build-macosx-x86_64/jdk7u45/229/hotspot/src/share/vm/prims/jvm.cpp:1244
Event: 5.581 Thread 0x00007fe985001000 Threw 0x00000007c9f62f98 at /HUDSON/workspace/7u-2-build-macosx-x86_64/jdk7u45/229/hotspot/src/share/vm/prims/jvm.cpp:1244
Event: 5.582 Thread 0x00007fe985001000 Threw 0x00000007c9f6d1d8 at /HUDSON/workspace/7u-2-build-macosx-x86_64/jdk7u45/229/hotspot/src/share/vm/prims/jvm.cpp:1244
Event: 5.622 Thread 0x00007fe985001000 Threw 0x00000007ca446690 at /HUDSON/workspace/7u-2-build-macosx-x86_64/jdk7u45/229/hotspot/src/share/vm/prims/jvm.cpp:1244
Event: 5.623 Thread 0x00007fe985001000 Threw 0x00000007ca4509e8 at /HUDSON/workspace/7u-2-build-macosx-x86_64/jdk7u45/229/hotspot/src/share/vm/prims/jvm.cpp:1244
Event: 5.623 Thread 0x00007fe985001000 Threw 0x00000007ca457108 at /HUDSON/workspace/7u-2-build-macosx-x86_64/jdk7u45/229/hotspot/src/share/vm/prims/jvm.cpp:1244
Event: 6.518 Thread 0x00007fe985001000 Threw 0x00000007ca45df38 at /HUDSON/workspace/7u-2-build-macosx-x86_64/jdk7u45/229/hotspot/src/share/vm/prims/jvm.cpp:1244
Event: 6.518 Thread 0x00007fe985001000 Threw 0x00000007ca4662b0 at /HUDSON/workspace/7u-2-build-macosx-x86_64/jdk7u45/229/hotspot/src/share/vm/prims/jvm.cpp:1244

Events (10 events):
Event: 5.623 loading class 0x00007fe985a85500
Event: 5.623 loading class 0x00007fe985a85500 done
Event: 5.623 loading class 0x00007fe985a85530
Event: 5.623 loading class 0x00007fe985a85530 done
Event: 5.624 loading class 0x00007fe9863b5400
Event: 5.624 loading class 0x00007fe9863b5400 done
Event: 6.517 loading class 0x00007fe985a8a8c0
Event: 6.517 loading class 0x00007fe985a8a8c0 done
Event: 6.518 loading class 0x00007fe985a85770
Event: 6.518 loading class 0x00007fe985a85770 done


Dynamic libraries:
0x00000000040cd000 	/System/Library/Frameworks/Cocoa.framework/Versions/A/Cocoa
0x00000000040cd000 	/System/Library/Frameworks/Security.framework/Versions/A/Security
0x00000000040cd000 	/System/Library/Frameworks/ApplicationServices.framework/Versions/A/ApplicationServices
0x00000000040cd000 	/usr/lib/libz.1.dylib
0x00000000040cd000 	/usr/lib/libSystem.B.dylib
0x00000000040cd000 	/usr/lib/libobjc.A.dylib
0x00000000040cd000 	/System/Library/Frameworks/CoreFoundation.framework/Versions/A/CoreFoundation
0x00000000040cd000 	/System/Library/Frameworks/Foundation.framework/Versions/C/Foundation
0x00000000040cd000 	/System/Library/Frameworks/AppKit.framework/Versions/C/AppKit
0x00000000040cd000 	/System/Library/Frameworks/CoreData.framework/Versions/A/CoreData
0x00000000040cd000 	/System/Library/PrivateFrameworks/RemoteViewServices.framework/Versions/A/RemoteViewServices
0x00000000040cd000 	/System/Library/Frameworks/AudioToolbox.framework/Versions/A/AudioToolbox
0x00000000040cd000 	/System/Library/Frameworks/AudioUnit.framework/Versions/A/AudioUnit
0x00000000040cd000 	/System/Library/PrivateFrameworks/DataDetectorsCore.framework/Versions/A/DataDetectorsCore
0x00000000040cd000 	/System/Library/PrivateFrameworks/DesktopServicesPriv.framework/Versions/A/DesktopServicesPriv
0x00000000040cd000 	/System/Library/Frameworks/Carbon.framework/Versions/A/Frameworks/HIToolbox.framework/Versions/A/HIToolbox
0x00000000040cd000 	/System/Library/Frameworks/QuartzCore.framework/Versions/A/QuartzCore
0x00000000040cd000 	/System/Library/Frameworks/Carbon.framework/Versions/A/Frameworks/SpeechRecognition.framework/Versions/A/SpeechRecognition
0x00000000040cd000 	/usr/lib/libauto.dylib
0x00000000040cd000 	/usr/lib/libicucore.A.dylib
0x00000000040cd000 	/usr/lib/libxml2.2.dylib
0x00000000040cd000 	/System/Library/PrivateFrameworks/CoreUI.framework/Versions/A/CoreUI
0x00000000040cd000 	/System/Library/Frameworks/CoreAudio.framework/Versions/A/CoreAudio
0x00000000040cd000 	/System/Library/Frameworks/DiskArbitration.framework/Versions/A/DiskArbitration
0x00000000040cd000 	/usr/lib/liblangid.dylib
0x00000000040cd000 	/System/Library/PrivateFrameworks/MultitouchSupport.framework/Versions/A/MultitouchSupport
0x00000000040cd000 	/System/Library/Frameworks/IOKit.framework/Versions/A/IOKit
0x00000000040cd000 	/usr/lib/libDiagnosticMessagesClient.dylib
0x00000000040cd000 	/System/Library/Frameworks/CoreServices.framework/Versions/A/CoreServices
0x00000000040cd000 	/System/Library/PrivateFrameworks/PerformanceAnalysis.framework/Versions/A/PerformanceAnalysis
0x00000000040cd000 	/System/Library/PrivateFrameworks/GenerationalStorage.framework/Versions/A/GenerationalStorage
0x00000000040cd000 	/System/Library/Frameworks/OpenGL.framework/Versions/A/OpenGL
0x00000000040cd000 	/System/Library/PrivateFrameworks/Sharing.framework/Versions/A/Sharing
0x00000000040cd000 	/System/Library/Frameworks/ImageIO.framework/Versions/A/ImageIO
0x00000000040cd000 	/System/Library/Frameworks/CoreText.framework/Versions/A/CoreText
0x00000000040cd000 	/System/Library/Frameworks/CoreGraphics.framework/Versions/A/CoreGraphics
0x00000000040cd000 	/System/Library/PrivateFrameworks/Backup.framework/Versions/A/Backup
0x00000000040cd000 	/System/Library/Frameworks/CFNetwork.framework/Versions/A/CFNetwork
0x00000000040cd000 	/System/Library/Frameworks/SystemConfiguration.framework/Versions/A/SystemConfiguration
0x00000000040cd000 	/usr/lib/libCRFSuite.dylib
0x00000000040cd000 	/usr/lib/libc++.1.dylib
0x00000000040cd000 	/usr/lib/libc++abi.dylib
0x00000000040cd000 	/usr/lib/system/libcache.dylib
0x00000000040cd000 	/usr/lib/system/libcommonCrypto.dylib
0x00000000040cd000 	/usr/lib/system/libcompiler_rt.dylib
0x00000000040cd000 	/usr/lib/system/libcopyfile.dylib
0x00000000040cd000 	/usr/lib/system/libcorecrypto.dylib
0x00000000040cd000 	/usr/lib/system/libdispatch.dylib
0x00000000040cd000 	/usr/lib/system/libdyld.dylib
0x00000000040cd000 	/usr/lib/system/libkeymgr.dylib
0x00000000040cd000 	/usr/lib/system/liblaunch.dylib
0x00000000040cd000 	/usr/lib/system/libmacho.dylib
0x00000000040cd000 	/usr/lib/system/libquarantine.dylib
0x00000000040cd000 	/usr/lib/system/libremovefile.dylib
0x00000000040cd000 	/usr/lib/system/libsystem_asl.dylib
0x00000000040cd000 	/usr/lib/system/libsystem_blocks.dylib
0x00000000040cd000 	/usr/lib/system/libsystem_c.dylib
0x00000000040cd000 	/usr/lib/system/libsystem_configuration.dylib
0x00000000040cd000 	/usr/lib/system/libsystem_dnssd.dylib
0x00000000040cd000 	/usr/lib/system/libsystem_info.dylib
0x00000000040cd000 	/usr/lib/system/libsystem_kernel.dylib
0x00000000040cd000 	/usr/lib/system/libsystem_m.dylib
0x00000000040cd000 	/usr/lib/system/libsystem_malloc.dylib
0x00000000040cd000 	/usr/lib/system/libsystem_network.dylib
0x00000000040cd000 	/usr/lib/system/libsystem_notify.dylib
0x00000000040cd000 	/usr/lib/system/libsystem_platform.dylib
0x00000000040cd000 	/usr/lib/system/libsystem_pthread.dylib
0x00000000040cd000 	/usr/lib/system/libsystem_sandbox.dylib
0x00000000040cd000 	/usr/lib/system/libsystem_stats.dylib
0x00000000040cd000 	/usr/lib/system/libunc.dylib
0x00000000040cd000 	/usr/lib/system/libunwind.dylib
0x00000000040cd000 	/usr/lib/system/libxpc.dylib
0x00000000040cd000 	/usr/lib/libbsm.0.dylib
0x00000000040cd000 	/usr/lib/libsqlite3.dylib
0x00000000040cd000 	/usr/lib/libxar.1.dylib
0x00000000040cd000 	/usr/lib/libpam.2.dylib
0x00000000040cd000 	/usr/lib/libOpenScriptingUtil.dylib
0x00000000040cd000 	/usr/lib/libbz2.1.0.dylib
0x00000000040cd000 	/System/Library/Frameworks/CoreServices.framework/Versions/A/Frameworks/CarbonCore.framework/Versions/A/CarbonCore
0x00000000040cd000 	/System/Library/Frameworks/CoreServices.framework/Versions/A/Frameworks/Metadata.framework/Versions/A/Metadata
0x00000000040cd000 	/System/Library/Frameworks/CoreServices.framework/Versions/A/Frameworks/OSServices.framework/Versions/A/OSServices
0x00000000040cd000 	/System/Library/Frameworks/CoreServices.framework/Versions/A/Frameworks/SearchKit.framework/Versions/A/SearchKit
0x00000000040cd000 	/System/Library/Frameworks/CoreServices.framework/Versions/A/Frameworks/AE.framework/Versions/A/AE
0x00000000040cd000 	/System/Library/Frameworks/CoreServices.framework/Versions/A/Frameworks/LaunchServices.framework/Versions/A/LaunchServices
0x00000000040cd000 	/System/Library/Frameworks/CoreServices.framework/Versions/A/Frameworks/DictionaryServices.framework/Versions/A/DictionaryServices
0x00000000040cd000 	/System/Library/Frameworks/NetFS.framework/Versions/A/NetFS
0x00000000040cd000 	/usr/lib/system/libkxld.dylib
0x00000000040cd000 	/System/Library/PrivateFrameworks/NetAuth.framework/Versions/A/NetAuth
0x00000000040cd000 	/System/Library/PrivateFrameworks/TCC.framework/Versions/A/TCC
0x00000000040cd000 	/System/Library/Frameworks/OpenDirectory.framework/Versions/A/Frameworks/CFOpenDirectory.framework/Versions/A/CFOpenDirectory
0x00000000040cd000 	/System/Library/Frameworks/ServiceManagement.framework/Versions/A/ServiceManagement
0x00000000040cd000 	/usr/lib/libxslt.1.dylib
0x00000000040cd000 	/System/Library/Frameworks/Carbon.framework/Versions/A/Frameworks/Ink.framework/Versions/A/Ink
0x00000000040cd000 	/System/Library/Frameworks/ApplicationServices.framework/Versions/A/Frameworks/ATS.framework/Versions/A/ATS
0x00000000040cd000 	/System/Library/Frameworks/ApplicationServices.framework/Versions/A/Frameworks/ColorSync.framework/Versions/A/ColorSync
0x00000000040cd000 	/System/Library/Frameworks/ApplicationServices.framework/Versions/A/Frameworks/HIServices.framework/Versions/A/HIServices
0x00000000040cd000 	/System/Library/Frameworks/ApplicationServices.framework/Versions/A/Frameworks/LangAnalysis.framework/Versions/A/LangAnalysis
0x00000000040cd000 	/System/Library/Frameworks/ApplicationServices.framework/Versions/A/Frameworks/PrintCore.framework/Versions/A/PrintCore
0x00000000040cd000 	/System/Library/Frameworks/ApplicationServices.framework/Versions/A/Frameworks/QD.framework/Versions/A/QD
0x00000000040cd000 	/System/Library/Frameworks/ApplicationServices.framework/Versions/A/Frameworks/SpeechSynthesis.framework/Versions/A/SpeechSynthesis
0x00000000040cd000 	/System/Library/Frameworks/IOSurface.framework/Versions/A/IOSurface
0x00000000040cd000 	/System/Library/Frameworks/Accelerate.framework/Versions/A/Accelerate
0x00000000040cd000 	/System/Library/Frameworks/Accelerate.framework/Versions/A/Frameworks/vImage.framework/Versions/A/vImage
0x00000000040cd000 	/System/Library/Frameworks/Accelerate.framework/Versions/A/Frameworks/vecLib.framework/Versions/A/vecLib
0x00000000040cd000 	/System/Library/Frameworks/Accelerate.framework/Versions/A/Frameworks/vecLib.framework/Versions/A/libvDSP.dylib
0x00000000040cd000 	/System/Library/Frameworks/Accelerate.framework/Versions/A/Frameworks/vecLib.framework/Versions/A/libvMisc.dylib
0x00000000040cd000 	/System/Library/Frameworks/Accelerate.framework/Versions/A/Frameworks/vecLib.framework/Versions/A/libLAPACK.dylib
0x00000000040cd000 	/System/Library/Frameworks/Accelerate.framework/Versions/A/Frameworks/vecLib.framework/Versions/A/libBLAS.dylib
0x00000000040cd000 	/System/Library/Frameworks/ApplicationServices.framework/Versions/A/Frameworks/ATS.framework/Versions/A/Resources/libFontParser.dylib
0x00000000040cd000 	/System/Library/Frameworks/ApplicationServices.framework/Versions/A/Frameworks/ATS.framework/Versions/A/Resources/libFontRegistry.dylib
0x00000000040cd000 	/System/Library/Frameworks/ImageIO.framework/Versions/A/Resources/libJPEG.dylib
0x00000000040cd000 	/System/Library/Frameworks/ImageIO.framework/Versions/A/Resources/libTIFF.dylib
0x00000000040cd000 	/System/Library/Frameworks/ImageIO.framework/Versions/A/Resources/libPng.dylib
0x00000000040cd000 	/System/Library/Frameworks/ImageIO.framework/Versions/A/Resources/libGIF.dylib
0x00000000040cd000 	/System/Library/Frameworks/ImageIO.framework/Versions/A/Resources/libJP2.dylib
0x00000000040cd000 	/System/Library/Frameworks/ImageIO.framework/Versions/A/Resources/libRadiance.dylib
0x00000000040cd000 	/usr/lib/libcups.2.dylib
0x00000000040cd000 	/System/Library/Frameworks/Kerberos.framework/Versions/A/Kerberos
0x00000000040cd000 	/System/Library/Frameworks/GSS.framework/Versions/A/GSS
0x00000000040cd000 	/usr/lib/libresolv.9.dylib
0x00000000040cd000 	/usr/lib/libiconv.2.dylib
0x00000000040cd000 	/System/Library/PrivateFrameworks/Heimdal.framework/Versions/A/Heimdal
0x00000000040cd000 	/System/Library/PrivateFrameworks/TrustEvaluationAgent.framework/Versions/A/TrustEvaluationAgent
0x00000000040cd000 	/usr/lib/libheimdal-asn1.dylib
0x00000000040cd000 	/System/Library/Frameworks/OpenDirectory.framework/Versions/A/OpenDirectory
0x00000000040cd000 	/System/Library/PrivateFrameworks/CommonAuth.framework/Versions/A/CommonAuth
0x00000000040cd000 	/System/Library/Frameworks/SecurityFoundation.framework/Versions/A/SecurityFoundation
0x00000000040cd000 	/System/Library/PrivateFrameworks/Bom.framework/Versions/A/Bom
0x00000000040cd000 	/System/Library/Frameworks/CoreVideo.framework/Versions/A/CoreVideo
0x00000000040cd000 	/System/Library/Frameworks/QuartzCore.framework/Versions/A/Frameworks/CoreImage.framework/Versions/A/CoreImage
0x00000000040cd000 	/System/Library/Frameworks/QuartzCore.framework/Versions/A/Frameworks/ScalableUserInterface.framework/Versions/A/ScalableUserInterface
0x00000000040cd000 	/System/Library/Frameworks/OpenGL.framework/Versions/A/Libraries/libGLU.dylib
0x00000000040cd000 	/System/Library/Frameworks/OpenGL.framework/Versions/A/Libraries/libGFXShared.dylib
0x00000000040cd000 	/System/Library/Frameworks/OpenGL.framework/Versions/A/Libraries/libGL.dylib
0x00000000040cd000 	/System/Library/Frameworks/OpenGL.framework/Versions/A/Libraries/libGLImage.dylib
0x00000000040cd000 	/System/Library/Frameworks/OpenGL.framework/Versions/A/Libraries/libCVMSPluginSupport.dylib
0x00000000040cd000 	/System/Library/Frameworks/OpenGL.framework/Versions/A/Libraries/libCoreVMClient.dylib
0x00000000040cd000 	/System/Library/PrivateFrameworks/FaceCore.framework/Versions/A/FaceCore
0x00000000040cd000 	/System/Library/PrivateFrameworks/CrashReporterSupport.framework/Versions/A/CrashReporterSupport
0x00000000040cd000 	/System/Library/Frameworks/OpenCL.framework/Versions/A/OpenCL
0x00000000040cd000 	/System/Library/PrivateFrameworks/AppleFSCompression.framework/Versions/A/AppleFSCompression
0x00000000040cd000 	/System/Library/PrivateFrameworks/Ubiquity.framework/Versions/A/Ubiquity
0x00000000040cd000 	/System/Library/PrivateFrameworks/IconServices.framework/Versions/A/IconServices
0x00000000040cd000 	/System/Library/PrivateFrameworks/ChunkingLibrary.framework/Versions/A/ChunkingLibrary
0x00000000040cd000 	/System/Library/PrivateFrameworks/CoreSymbolication.framework/Versions/A/CoreSymbolication
0x00000000040cd000 	/System/Library/PrivateFrameworks/Symbolication.framework/Versions/A/Symbolication
0x00000000040cd000 	/System/Library/PrivateFrameworks/DebugSymbols.framework/Versions/A/DebugSymbols
0x000000010f600000 	/Library/Java/JavaVirtualMachines/jdk1.7.0_45.jdk/Contents/Home/jre/lib/server/libjvm.dylib
0x00000000040cd000 	/usr/lib/libstdc++.6.dylib
0x000000010e5c7000 	/Library/Java/JavaVirtualMachines/jdk1.7.0_45.jdk/Contents/Home/jre/lib/libverify.dylib
0x0000000110053000 	/Library/Java/JavaVirtualMachines/jdk1.7.0_45.jdk/Contents/Home/jre/lib/libjava.dylib
0x000000010e5de000 	/Library/Java/JavaVirtualMachines/jdk1.7.0_45.jdk/Contents/Home/jre/lib/libzip.dylib
0x000000010e5e8000 	/System/Library/Frameworks/JavaVM.framework/Frameworks/JavaRuntimeSupport.framework/JavaRuntimeSupport
0x0000000118bd3000 	/System/Library/Frameworks/JavaVM.framework/Versions/A/Frameworks/JavaNativeFoundation.framework/Versions/A/JavaNativeFoundation
0x0000000118be8000 	/System/Library/Frameworks/JavaVM.framework/Versions/A/JavaVM
0x00000000040cd000 	/System/Library/Frameworks/Carbon.framework/Versions/A/Carbon
0x0000000118bf5000 	/System/Library/PrivateFrameworks/JavaLaunching.framework/Versions/A/JavaLaunching
0x00000000040cd000 	/System/Library/Frameworks/Carbon.framework/Versions/A/Frameworks/CommonPanels.framework/Versions/A/CommonPanels
0x00000000040cd000 	/System/Library/Frameworks/Carbon.framework/Versions/A/Frameworks/Help.framework/Versions/A/Help
0x00000000040cd000 	/System/Library/Frameworks/Carbon.framework/Versions/A/Frameworks/ImageCapture.framework/Versions/A/ImageCapture
0x00000000040cd000 	/System/Library/Frameworks/Carbon.framework/Versions/A/Frameworks/OpenScripting.framework/Versions/A/OpenScripting
0x00000000040cd000 	/System/Library/Frameworks/Carbon.framework/Versions/A/Frameworks/Print.framework/Versions/A/Print
0x00000000040cd000 	/System/Library/Frameworks/Carbon.framework/Versions/A/Frameworks/SecurityHI.framework/Versions/A/SecurityHI
0x000000011980e000 	/Applications/IntelliJ IDEA 13 CE.app/bin/libbreakgen64.jnilib
0x0000000119914000 	/Library/Java/JavaVirtualMachines/jdk1.7.0_45.jdk/Contents/Home/jre/lib/libnet.dylib
0x0000000119a29000 	/Library/Java/JavaVirtualMachines/jdk1.7.0_45.jdk/Contents/Home/jre/lib/libmanagement.dylib
0x0000000119a31000 	/Library/Java/JavaVirtualMachines/jdk1.7.0_45.jdk/Contents/Home/jre/lib/libnio.dylib
0x000000011a875000 	/Library/Java/JavaVirtualMachines/jdk1.7.0_45.jdk/Contents/Home/jre/lib/libawt.dylib
0x000000011a924000 	/Library/Java/JavaVirtualMachines/jdk1.7.0_45.jdk/Contents/Home/jre/lib/./libmlib_image.dylib
0x000000011a9f0000 	/Library/Java/JavaVirtualMachines/jdk1.7.0_45.jdk/Contents/Home/jre/lib/lwawt/liblwawt.dylib
0x0000000119971000 	/Library/Java/JavaVirtualMachines/jdk1.7.0_45.jdk/Contents/Home/jre/lib/libosxapp.dylib
0x00000000040cd000 	/System/Library/Frameworks/ExceptionHandling.framework/Versions/A/ExceptionHandling
0x00000000040cd000 	/System/Library/PrivateFrameworks/CoreServicesInternal.framework/Versions/A/CoreServicesInternal
0x00000000040cd000 	/System/Library/PrivateFrameworks/Librarian.framework/Versions/A/Librarian
0x00000000040cd000 	/System/Library/Frameworks/CoreGraphics.framework/Versions/A/Resources/libCGCMS.A.dylib
0x00000000040cd000 	/System/Library/Frameworks/CoreGraphics.framework/Versions/A/Resources/libRIP.A.dylib
0x00000000040cd000 	/System/Library/Frameworks/CoreGraphics.framework/Versions/A/Resources/libCGXType.A.dylib
0x00000000040cd000 	/System/Library/PrivateFrameworks/FamilyControls.framework/Versions/A/FamilyControls
0x00000000040cd000 	/System/Library/PrivateFrameworks/CommerceKit.framework/Versions/A/Frameworks/CommerceCore.framework/Versions/A/CommerceCore
0x00000000040cd000 	/System/Library/PrivateFrameworks/SystemAdministration.framework/Versions/A/SystemAdministration
0x00000000040cd000 	/System/Library/Frameworks/DirectoryService.framework/Versions/A/DirectoryService
0x00000000040cd000 	/System/Library/PrivateFrameworks/DiskImages.framework/Versions/A/DiskImages
0x00000000040cd000 	/System/Library/PrivateFrameworks/LoginUIKit.framework/Versions/A/Frameworks/LoginUICore.framework/Versions/A/LoginUICore
0x00000000040cd000 	/usr/lib/libCoreStorage.dylib
0x00000000040cd000 	/usr/lib/libcsfde.dylib
0x00000000040cd000 	/usr/lib/libodfde.dylib
0x00000000040cd000 	/System/Library/Frameworks/DiscRecording.framework/Versions/A/DiscRecording
0x00000000040cd000 	/usr/lib/libcurl.4.dylib
0x00000000040cd000 	/System/Library/PrivateFrameworks/MediaKit.framework/Versions/A/MediaKit
0x00000000040cd000 	/System/Library/PrivateFrameworks/EFILogin.framework/Versions/A/EFILogin
0x00000000040cd000 	/usr/lib/libutil.dylib
0x00000000040cd000 	/System/Library/PrivateFrameworks/AOSNotification.framework/Versions/A/AOSNotification
0x00000000040cd000 	/System/Library/Frameworks/LDAP.framework/Versions/A/LDAP
0x00000000040cd000 	/usr/lib/libsasl2.2.dylib
0x00000000040cd000 	/usr/lib/libcrypto.0.9.8.dylib
0x00000000040cd000 	/usr/lib/libssl.0.9.8.dylib
0x0000000119f1c000 	/Library/Java/JavaVirtualMachines/jdk1.7.0_45.jdk/Contents/Home/jre/lib/libfontmanager.dylib
0x0000000119ff3000 	/Users/theyes/ProvingGrounds/minecraft/build/natives/liblwjgl.jnilib
0x0000000119a1a000 	/Library/Java/JavaVirtualMachines/jdk1.7.0_45.jdk/Contents/Home/jre/lib/libjawt.dylib
0x00000000040cd000 	/System/Library/Frameworks/OpenGL.framework/Versions/A/Resources/GLEngine.bundle/GLEngine
0x00000000040cd000 	/System/Library/Frameworks/OpenGL.framework/Versions/A/Libraries/libGLProgrammability.dylib
0x0000000000000000 	/System/Library/Extensions/AppleIntelHD4000GraphicsGLDriver.bundle/Contents/MacOS/AppleIntelHD4000GraphicsGLDriver
0x00000000040cd000 	/System/Library/PrivateFrameworks/IOAccelerator.framework/Versions/A/IOAccelerator
0x00000000040cd000 	/System/Library/PrivateFrameworks/GPUSupport.framework/Versions/A/Libraries/libGPUSupportMercury.dylib
0x0000000000000000 	/System/Library/Extensions/GeForceGLDriver.bundle/Contents/MacOS/GeForceGLDriver
0x00000000040cd000 	/System/Library/Extensions/GeForceGLDriver.bundle/Contents/MacOS/libclh.dylib
0x00000000040cd000 	/System/Library/Frameworks/OpenGL.framework/Versions/A/Resources/GLRendererFloat.bundle/GLRendererFloat
0x00000000040cd000 	/System/Library/Frameworks/OpenCL.framework/Versions/A/Libraries/libcldcpuengine.dylib

VM Arguments:
jvm_args: -Xincgc -Xmx1024M -Xms1024M -Djava.library.path=/Users/theyes/ProvingGrounds/minecraft/build/natives -Dfml.ignoreInvalidMinecraftCertificates=true -Didea.launcher.port=7532 -Didea.launcher.bin.path=/Applications/IntelliJ IDEA 13 CE.app/bin -Dfile.encoding=UTF-8 
java_command: com.intellij.rt.execution.application.AppMain GradleStart
Launcher Type: SUN_STANDARD

Environment Variables:
PATH=/Users/theyes/.rvm/gems/ruby-2.1.1/bin:/Users/theyes/.rvm/gems/ruby-2.1.1@global/bin:/Users/theyes/.rvm/rubies/ruby-2.1.1/bin:/Users/theyes/.rbenv/shims:~/.rbenv/shims:/usr/local/bin:/usr/bin:/bin:/sbin:/usr/sbin:/System/Library/Frameworks/JavaScriptCore.framework/Resources:/usr/local/sbin:~/bin::/Users/theyes/.rvm/bin
SHELL=/bin/zsh

Signal Handlers:
SIGSEGV: [libjvm.dylib+0x525415], sa_mask[0]=0xfffefeff, sa_flags=0x00000043
SIGBUS: [libjvm.dylib+0x525415], sa_mask[0]=0xfffefeff, sa_flags=0x00000042
SIGFPE: [libjvm.dylib+0x41891a], sa_mask[0]=0xfffefeff, sa_flags=0x00000042
SIGPIPE: [libjvm.dylib+0x41891a], sa_mask[0]=0xfffefeff, sa_flags=0x00000042
SIGXFSZ: [libjvm.dylib+0x41891a], sa_mask[0]=0xfffefeff, sa_flags=0x00000042
SIGILL: [libjvm.dylib+0x41891a], sa_mask[0]=0xfffefeff, sa_flags=0x00000042
SIGUSR1: SIG_DFL, sa_mask[0]=0x00000000, sa_flags=0x00000002
SIGUSR2: [libjvm.dylib+0x41840c], sa_mask[0]=0x00000004, sa_flags=0x00000042
SIGHUP: [libjvm.dylib+0x41669b], sa_mask[0]=0xfffefeff, sa_flags=0x00000042
SIGINT: [libjvm.dylib+0x41669b], sa_mask[0]=0xfffefeff, sa_flags=0x00000042
SIGTERM: [libjvm.dylib+0x41669b], sa_mask[0]=0xfffefeff, sa_flags=0x00000042
SIGQUIT: [libjvm.dylib+0x41669b], sa_mask[0]=0xfffefeff, sa_flags=0x00000042


---------------  S Y S T E M  ---------------

OS:Bsduname:Darwin 13.1.0 Darwin Kernel Version 13.1.0: Wed Apr  2 23:52:02 PDT 2014; root:xnu-2422.92.1~2/RELEASE_X86_64 x86_64
rlimit: STACK 8192k, CORE 0k, NPROC 709, NOFILE 10240, AS infinity
load average:1.96 2.58 2.61

CPU:total 8 (4 cores per cpu, 2 threads per core) family 6 model 58 stepping 9, cmov, cx8, fxsr, mmx, sse, sse2, sse3, ssse3, sse4.1, sse4.2, popcnt, avx, aes, erms, ht, tsc, tscinvbit, tscinv

Memory: 4k page, physical 8388608k(2097152k free)

/proc/meminfo:


vm_info: Java HotSpot(TM) 64-Bit Server VM (24.45-b08) for bsd-amd64 JRE (1.7.0_45-b18), built on Oct  8 2013 05:54:16 by "java_re" with gcc 4.2.1 (Based on Apple Inc. build 5658) (LLVM build 2336.11.00)

time: Sat Jul 19 20:46:40 2014
elapsed time: 6 seconds

